<component name="org.nuxeo.ecm.core.automation.test-provider" version="1.0">

 <extension target="org.nuxeo.ecm.platform.query.api.PageProviderService"
    point="providers">

    <coreQueryPageProvider name="selectAllDocsProvider1">
      <pattern>
        SELECT * FROM Document where ecm:currentLifeCycleState = ?
      </pattern>
      <sort column="dc:created" ascending="true" />
      <pageSize>2</pageSize>
    </coreQueryPageProvider>
    

    <coreQueryPageProvider name="selectAllDocsProvider2">
      <pattern>
        SELECT * FROM Document where dc:title=?
      </pattern>
      <sort column="dc:title" ascending="true" />
      <pageSize>2</pageSize>
    </coreQueryPageProvider>

 </extension>

</component>