<?xml version="1.0"?>
<component name="org.nuxeo.ecm.platform.archiving.test.repo.core.contrib"> 
  <extension target="org.nuxeo.ecm.core.api.repository.RepositoryManager"
    point="repositories">
     <repository name="testRepo2" />
  </extension>
  <extension target="org.nuxeo.ecm.core.repository.RepositoryService"
    point="repository">
    <repository name="testRepo2"
      factory="org.nuxeo.ecm.core.storage.sql.coremodel.SQLRepositoryFactory">
      <repository sendInvalidationEvents="false">
        <schema>
          <field type="largetext">note</field>
          <field type="largetext">relatedtext</field>
        </schema>
        <indexing >
          <fulltext disabled="true">
          </fulltext>
        </indexing>
        <xa-datasource>org.h2.jdbcx.JdbcDataSource</xa-datasource>
        <property name="URL">jdbc:h2:nuxeo</property>
        <property name="User">sa</property>
        <property name="Password"></property>
      </repository>
    </repository>
  </extension>
</component>
